This is pdfTeX, Version 3.1415926-2.3-1.40.12 (MiKTeX 2.9) (preloaded format=latex 2017.4.28)  10 MAY 2017 11:13
entering extended mode
**main.v.1.tex
(G:\githubrepositioy\main.v.1.tex
LaTeX2e <2011/06/27>
Babel <v3.8m> and hyphenation patterns for loaded.
("D:\Program Files (x86)\CTeX套装\CTEX\MiKTeX\tex\latex\ieeetran\IEEEtran.cls
"
Document Class: IEEEtran 2007/03/05 V1.7a by Michael Shell
-- See the "IEEEtran_HOWTO" manual for usage information.
-- http://www.michaelshell.org/tex/ieeetran/
\@IEEEtrantmpdimenA=\dimen102
\@IEEEtrantmpdimenB=\dimen103
\@IEEEtrantmpcountA=\count79
\@IEEEtrantmpcountB=\count80
\@IEEEtrantmptoksA=\toks14
LaTeX Font Info:    Try loading font information for OT1+ptm on input line 366.

("D:\Program Files (x86)\CTeX套装\CTEX\MiKTeX\tex\latex\psnfss\ot1ptm.fd"
File: ot1ptm.fd 2001/06/04 font definitions for OT1/ptm.
)
-- Using 8.5in x 11in (letter) paper.
-- Using DVI output.
\@IEEEnormalsizeunitybaselineskip=\dimen104
-- This is a 10 point document.
\CLASSINFOnormalsizebaselineskip=\dimen105
\CLASSINFOnormalsizeunitybaselineskip=\dimen106
\IEEEnormaljot=\dimen107
LaTeX Font Info:    Font shape `OT1/ptm/bx/n' in size <5> not available
(Font)              Font shape `OT1/ptm/b/n' tried instead on input line 724.
LaTeX Font Info:    Font shape `OT1/ptm/bx/it' in size <5> not available
(Font)              Font shape `OT1/ptm/b/it' tried instead on input line 724.
LaTeX Font Info:    Font shape `OT1/ptm/bx/n' in size <7> not available
(Font)              Font shape `OT1/ptm/b/n' tried instead on input line 724.
LaTeX Font Info:    Font shape `OT1/ptm/bx/it' in size <7> not available
(Font)              Font shape `OT1/ptm/b/it' tried instead on input line 724.
LaTeX Font Info:    Font shape `OT1/ptm/bx/n' in size <8> not available
(Font)              Font shape `OT1/ptm/b/n' tried instead on input line 724.
LaTeX Font Info:    Font shape `OT1/ptm/bx/it' in size <8> not available
(Font)              Font shape `OT1/ptm/b/it' tried instead on input line 724.
LaTeX Font Info:    Font shape `OT1/ptm/bx/n' in size <9> not available
(Font)              Font shape `OT1/ptm/b/n' tried instead on input line 724.
LaTeX Font Info:    Font shape `OT1/ptm/bx/it' in size <9> not available
(Font)              Font shape `OT1/ptm/b/it' tried instead on input line 724.
LaTeX Font Info:    Font shape `OT1/ptm/bx/n' in size <10> not available
(Font)              Font shape `OT1/ptm/b/n' tried instead on input line 724.
LaTeX Font Info:    Font shape `OT1/ptm/bx/it' in size <10> not available
(Font)              Font shape `OT1/ptm/b/it' tried instead on input line 724.
LaTeX Font Info:    Font shape `OT1/ptm/bx/n' in size <11> not available
(Font)              Font shape `OT1/ptm/b/n' tried instead on input line 724.
LaTeX Font Info:    Font shape `OT1/ptm/bx/it' in size <11> not available
(Font)              Font shape `OT1/ptm/b/it' tried instead on input line 724.
LaTeX Font Info:    Font shape `OT1/ptm/bx/n' in size <12> not available
(Font)              Font shape `OT1/ptm/b/n' tried instead on input line 724.
LaTeX Font Info:    Font shape `OT1/ptm/bx/it' in size <12> not available
(Font)              Font shape `OT1/ptm/b/it' tried instead on input line 724.
LaTeX Font Info:    Font shape `OT1/ptm/bx/n' in size <17> not available
(Font)              Font shape `OT1/ptm/b/n' tried instead on input line 724.
LaTeX Font Info:    Font shape `OT1/ptm/bx/it' in size <17> not available
(Font)              Font shape `OT1/ptm/b/it' tried instead on input line 724.
LaTeX Font Info:    Font shape `OT1/ptm/bx/n' in size <20> not available
(Font)              Font shape `OT1/ptm/b/n' tried instead on input line 724.
LaTeX Font Info:    Font shape `OT1/ptm/bx/it' in size <20> not available
(Font)              Font shape `OT1/ptm/b/it' tried instead on input line 724.
LaTeX Font Info:    Font shape `OT1/ptm/bx/n' in size <24> not available
(Font)              Font shape `OT1/ptm/b/n' tried instead on input line 724.
LaTeX Font Info:    Font shape `OT1/ptm/bx/it' in size <24> not available
(Font)              Font shape `OT1/ptm/b/it' tried instead on input line 724.
\IEEEilabelindentA=\dimen108
\IEEEilabelindentB=\dimen109
\IEEEilabelindent=\dimen110
\IEEEelabelindent=\dimen111
\IEEEdlabelindent=\dimen112
\IEEElabelindent=\dimen113
\IEEEiednormlabelsep=\dimen114
\IEEEiedmathlabelsep=\dimen115
\IEEEiedtopsep=\skip41
\c@section=\count81
\c@subsection=\count82
\c@subsubsection=\count83
\c@paragraph=\count84
\c@IEEEsubequation=\count85
\abovecaptionskip=\skip42
\belowcaptionskip=\skip43
\c@figure=\count86
\c@table=\count87
\@IEEEeqnnumcols=\count88
\@IEEEeqncolcnt=\count89
\@IEEEtmpitemindent=\dimen116
\c@IEEEbiography=\count90
\@IEEEtranrubishbin=\box26
)
("D:\Program Files (x86)\CTeX套装\CTEX\MiKTeX\tex\latex\graphics\graphicx.sty
"
Package: graphicx 1999/02/16 v1.0f Enhanced LaTeX Graphics (DPC,SPQR)
 ("D:\Program Files (x86)\CTeX套装\CTEX\MiKTeX\tex\latex\graphics\keyval.sty"
Package: keyval 1999/03/16 v1.13 key=value parser (DPC)
\KV@toks@=\toks15
)
("D:\Program Files (x86)\CTeX套装\CTEX\MiKTeX\tex\latex\graphics\graphics.sty
"
Package: graphics 2009/02/05 v1.0o Standard LaTeX Graphics (DPC,SPQR)
 ("D:\Program Files (x86)\CTeX套装\CTEX\MiKTeX\tex\latex\graphics\trig.sty"
Package: trig 1999/03/16 v1.09 sin cos tan (DPC)
) ("D:\Program Files (x86)\CTeX套装\CTEX\MiKTeX\tex\latex\00miktex\graphics.c
fg"
File: graphics.cfg 2007/01/18 v1.5 graphics configuration of teTeX/TeXLive
)
Package graphics Info: Driver file: dvips.def on input line 91.
 ("D:\Program Files (x86)\CTeX套装\CTEX\MiKTeX\tex\latex\graphics\dvips.def"
File: dvips.def 1999/02/16 v3.0i Driver-dependant file (DPC,SPQR)
))
\Gin@req@height=\dimen117
\Gin@req@width=\dimen118
)
("D:\Program Files (x86)\CTeX套装\CTEX\MiKTeX\tex\latex\ams\math\amsmath.sty"
Package: amsmath 2000/07/18 v2.13 AMS math features
\@mathmargin=\skip44
For additional information on amsmath, use the `?' option.
("D:\Program Files (x86)\CTeX套装\CTEX\MiKTeX\tex\latex\ams\math\amstext.sty"
Package: amstext 2000/06/29 v2.01
("D:\Program Files (x86)\CTeX套装\CTEX\MiKTeX\tex\latex\ams\math\amsgen.sty"
File: amsgen.sty 1999/11/30 v2.0
\@emptytoks=\toks16
\ex@=\dimen119
)) ("D:\Program Files (x86)\CTeX套装\CTEX\MiKTeX\tex\latex\ams\math\amsbsy.st
y"
Package: amsbsy 1999/11/29 v1.2d
\pmbraise@=\dimen120
) ("D:\Program Files (x86)\CTeX套装\CTEX\MiKTeX\tex\latex\ams\math\amsopn.sty
"
Package: amsopn 1999/12/14 v2.01 operator names
)
\inf@bad=\count91
LaTeX Info: Redefining \frac on input line 211.
\uproot@=\count92
\leftroot@=\count93
LaTeX Info: Redefining \overline on input line 307.
\classnum@=\count94
\DOTSCASE@=\count95
LaTeX Info: Redefining \ldots on input line 379.
LaTeX Info: Redefining \dots on input line 382.
LaTeX Info: Redefining \cdots on input line 467.
\Mathstrutbox@=\box27
\strutbox@=\box28
\big@size=\dimen121
LaTeX Font Info:    Redeclaring font encoding OML on input line 567.
LaTeX Font Info:    Redeclaring font encoding OMS on input line 568.
\macc@depth=\count96
\c@MaxMatrixCols=\count97
\dotsspace@=\muskip10
\c@parentequation=\count98
\dspbrk@lvl=\count99
\tag@help=\toks17
\row@=\count100
\column@=\count101
\maxfields@=\count102
\andhelp@=\toks18
\eqnshift@=\dimen122
\alignsep@=\dimen123
\tagshift@=\dimen124
\tagwidth@=\dimen125
\totwidth@=\dimen126
\lineht@=\dimen127
\@envbody=\toks19
\multlinegap=\skip45
\multlinetaggap=\skip46
\mathdisplay@stack=\toks20
LaTeX Info: Redefining \[ on input line 2666.
LaTeX Info: Redefining \] on input line 2667.
)
("D:\Program Files (x86)\CTeX套装\CTEX\MiKTeX\tex\latex\amsfonts\amssymb.sty"
Package: amssymb 2009/06/22 v3.00
("D:\Program Files (x86)\CTeX套装\CTEX\MiKTeX\tex\latex\amsfonts\amsfonts.sty
"
Package: amsfonts 2009/06/22 v3.00 Basic AMSFonts support
\symAMSa=\mathgroup4
\symAMSb=\mathgroup5
LaTeX Font Info:    Overwriting math alphabet `\mathfrak' in version `bold'
(Font)                  U/euf/m/n --> U/euf/b/n on input line 96.
))
("D:\Program Files (x86)\CTeX套装\CTEX\MiKTeX\tex\latex\ams\math\amsxtra.sty"
Package: amsxtra 1999/11/15 v1.2c
LaTeX Info: Redefining \nobreakspace on input line 77.
) ("D:\Program Files (x86)\CTeX套装\CTEX\MiKTeX\tex\latex\base\latexsym.sty"
Package: latexsym 1998/08/17 v2.2e Standard LaTeX package (lasy symbols)
\symlasy=\mathgroup6
LaTeX Font Info:    Overwriting symbol font `lasy' in version `bold'
(Font)                  U/lasy/m/n --> U/lasy/b/n on input line 47.
) ("D:\Program Files (x86)\CTeX套装\CTEX\MiKTeX\tex\latex\dstroke\dsfont.sty"
Package: dsfont 1995/08/01 v0.1 Double stroke roman fonts
) ("D:\Program Files (x86)\CTeX套装\CTEX\MiKTeX\tex\latex\float\float.sty"
Package: float 2001/11/08 v1.3d Float enhancements (AL)
\c@float@type=\count103
\float@exts=\toks21
\float@box=\box29
\@float@everytoks=\toks22
\@floatcapt=\box30
)
("D:\Program Files (x86)\CTeX套装\CTEX\MiKTeX\tex\latex\cite\cite.sty"
LaTeX Info: Redefining \cite on input line 302.
LaTeX Info: Redefining \nocite on input line 373.
Package: cite 2010/09/10  v 5.3
)
("D:\Program Files (x86)\CTeX套装\CTEX\MiKTeX\tex\latex\caption\subcaption.st
y"
Package: subcaption 2011/10/30 v1.1c Sub-captions (AR)
 ("D:\Program Files (x86)\CTeX套装\CTEX\MiKTeX\tex\latex\caption\caption.sty"
Package: caption 2011/11/10 v3.2e Customizing captions (AR)

("D:\Program Files (x86)\CTeX套装\CTEX\MiKTeX\tex\latex\caption\caption3.sty"
Package: caption3 2011/11/01 v1.4a caption3 kernel (AR)
\captionmargin=\dimen128
\captionmargin@=\dimen129
\captionwidth=\dimen130
\caption@indent=\dimen131
\caption@parindent=\dimen132
\caption@hangindent=\dimen133
Package caption Info: Unknown document class (or package),
(caption)             standard defaults will be used.
)

Package caption Warning: Unsupported document class (or package) detected,
(caption)                usage of the caption package is not recommended.
See the caption package documentation for explanation.

Package caption Info: \@makecaption = \long macro:#1#2->\ifx \@captype \@IEEEta
blestring \footnotesize \begin {center}{\normalfont \footnotesize #1}\\{\normal
font \footnotesize \scshape #2}\end {center}\@IEEEtablecaptionsepspace \else \@
IEEEfigurecaptionsepspace \setbox \@tempboxa \hbox {\normalfont \footnotesize {
#1.}~~ #2}\ifdim \wd \@tempboxa >\hsize \setbox \@tempboxa \hbox {\normalfont \
footnotesize {#1.}~~ }\parbox [t]{\hsize }{\normalfont \footnotesize \noindent 
\unhbox \@tempboxa #2}\else \ifCLASSOPTIONconference \hbox to\hsize {\normalfon
t \footnotesize \hfil \box \@tempboxa \hfil }\else \hbox to\hsize {\normalfont 
\footnotesize \box \@tempboxa \hfil }\fi \fi \fi .
\c@ContinuedFloat=\count104
Package caption Info: float package is loaded.
)
\c@subfigure=\count105
\c@subtable=\count106
)
("D:\Program Files (x86)\CTeX套装\CTEX\MiKTeX\tex\latex\multirow\multirow.sty
"
\bigstrutjot=\dimen134
)
No file main.v.1.aux.
LaTeX Font Info:    Checking defaults for OML/cmm/m/it on input line 27.
LaTeX Font Info:    ... okay on input line 27.
LaTeX Font Info:    Checking defaults for T1/cmr/m/n on input line 27.
LaTeX Font Info:    ... okay on input line 27.
LaTeX Font Info:    Checking defaults for OT1/cmr/m/n on input line 27.
LaTeX Font Info:    ... okay on input line 27.
LaTeX Font Info:    Checking defaults for OMS/cmsy/m/n on input line 27.
LaTeX Font Info:    ... okay on input line 27.
LaTeX Font Info:    Checking defaults for OMX/cmex/m/n on input line 27.
LaTeX Font Info:    ... okay on input line 27.
LaTeX Font Info:    Checking defaults for U/cmr/m/n on input line 27.
LaTeX Font Info:    ... okay on input line 27.
Package caption Info: Begin \AtBeginDocument code.
Package caption Info: End \AtBeginDocument code.

LaTeX Warning: Citation `1' on page 1 undefined on input line 64.


LaTeX Warning: Citation `2' on page 1 undefined on input line 64.


LaTeX Warning: Citation `3' on page 1 undefined on input line 64.


LaTeX Warning: Citation `6' on page 1 undefined on input line 64.


LaTeX Warning: Citation `7' on page 1 undefined on input line 64.


LaTeX Warning: Citation `8' on page 1 undefined on input line 64.


LaTeX Warning: Citation `9' on page 1 undefined on input line 64.


LaTeX Warning: Citation `10' on page 1 undefined on input line 66.


LaTeX Warning: Citation `11' on page 1 undefined on input line 66.


LaTeX Warning: Citation `12' on page 1 undefined on input line 66.


LaTeX Warning: Citation `13' on page 1 undefined on input line 66.


LaTeX Warning: Citation `14' on page 1 undefined on input line 68.


LaTeX Warning: Citation `16' on page 1 undefined on input line 68.


LaTeX Warning: Citation `17' on page 1 undefined on input line 68.


LaTeX Warning: Citation `18' on page 1 undefined on input line 68.


LaTeX Warning: Citation `19' on page 1 undefined on input line 68.


LaTeX Warning: Citation `20' on page 1 undefined on input line 68.


LaTeX Warning: Reference `sec:antenna_design' on page 1 undefined on input line
 72.


LaTeX Warning: Reference `sec:body_model' on page 1 undefined on input line 73.



LaTeX Warning: Reference `sec:analysis' on page 1 undefined on input line 73.


LaTeX Warning: Reference `sec:conclusion' on page 1 undefined on input line 73.



LaTeX Warning: Citation `21' on page 1 undefined on input line 78.


LaTeX Warning: Reference `fig:1' on page 1 undefined on input line 78.


LaTeX Warning: Reference `tab:1' on page 1 undefined on input line 78.

LaTeX Font Info:    Try loading font information for U+msa on input line 78.
("D:\Program Files (x86)\CTeX套装\CTEX\MiKTeX\tex\latex\amsfonts\umsa.fd"
File: umsa.fd 2009/06/22 v3.00 AMS symbols A
)
LaTeX Font Info:    Try loading font information for U+msb on input line 78.

("D:\Program Files (x86)\CTeX套装\CTEX\MiKTeX\tex\latex\amsfonts\umsb.fd"
File: umsb.fd 2009/06/22 v3.00 AMS symbols B
)
LaTeX Font Info:    Try loading font information for U+lasy on input line 78.

("D:\Program Files (x86)\CTeX套装\CTEX\MiKTeX\tex\latex\base\ulasy.fd"
File: ulasy.fd 1998/08/17 v2.2e LaTeX symbol font definitions
)

LaTeX Warning: Citation `22' on page 1 undefined on input line 78.


LaTeX Warning: Command \textcircled invalid in math mode on input line 79.

LaTeX Font Info:    Try loading font information for OMS+ptm on input line 79.
("D:\Program Files (x86)\CTeX套装\CTEX\MiKTeX\tex\latex\psnfss\omsptm.fd"
File: omsptm.fd 
)
LaTeX Font Info:    Font shape `OMS/ptm/m/n' in size <10> not available
(Font)              Font shape `OMS/cmsy/m/n' tried instead on input line 79.


LaTeX Warning: Command \textcircled invalid in math mode on input line 79.


LaTeX Warning: Reference `fig:2' on page 1 undefined on input line 79.


LaTeX Warning: Reference `tab:ant_optimized' on page 1 undefined on input line 
79.

[1


]
File: figs/1a.eps Graphic file (type eps)
 <figs/1a.eps>
File: figs/1b.eps Graphic file (type eps)
 <figs/1b.eps>
File: figs/1c.eps Graphic file (type eps)
 <figs/1c.eps>
File: figs/2a.eps Graphic file (type eps)
 <figs/2a.eps>
File: figs/2b.eps Graphic file (type eps)
 <figs/2b.eps>
File: figs/2c.eps Graphic file (type eps)

<figs/2c.eps>
Underfull \vbox (badness 1168) has occurred while \output is active []

File: figs/4.eps Graphic file (type eps)

<figs/4.eps>
File: figs/3a.eps Graphic file (type eps)
 <figs/3a.eps>
File: figs/3b.eps Graphic file (type eps)
 <figs/3b.eps>
File: figs/3c.eps Graphic file (type eps)
 <figs/3c.eps>

LaTeX Warning: Citation `23' on page 2 undefined on input line 204.


LaTeX Warning: Reference `fig:4' on page 2 undefined on input line 204.


LaTeX Warning: Citation `24' on page 2 undefined on input line 208.


LaTeX Warning: Reference `tab:2' on page 2 undefined on input line 208.


LaTeX Warning: Reference `fig:3c' on page 2 undefined on input line 211.


LaTeX Warning: Reference `fig:3a' on page 2 undefined on input line 211.


LaTeX Warning: Reference `fig:3b' on page 2 undefined on input line 211.

[2]

LaTeX Warning: Reference `fig:5' on page 3 undefined on input line 236.


LaTeX Warning: Reference `fig:3a' on page 3 undefined on input line 236.


LaTeX Warning: Reference `fig:3b' on page 3 undefined on input line 236.


LaTeX Warning: Reference `eq:eps_1' on page 3 undefined on input line 236.

File: figs/5a.eps Graphic file (type eps)
<figs/5a.eps>
File: figs/5b.eps Graphic file (type eps)
 <figs/5b.eps>
File: figs/6a.eps Graphic file (type eps)
 <figs/6a.e